2026-02-19 16:31:49 | DEBUG    | bot.client | BinanceClient initialized | base_url=https://testnet.binance.vision
2026-02-19 16:31:49 | DEBUG    | bot.client | → GET /api/v3/account | params=['timestamp', 'recvWindow', 'signature'] | body_keys=[]
2026-02-19 16:31:50 | DEBUG    | bot.client | ← HTTP 200 | endpoint=/api/v3/account
2026-02-19 16:31:50 | DEBUG    | bot.client | → GET /api/v3/account | params=['timestamp', 'recvWindow', 'signature'] | body_keys=[]
2026-02-19 16:31:51 | DEBUG    | bot.client | ← HTTP 200 | endpoint=/api/v3/account
2026-02-19 16:31:51 | DEBUG    | bot.client | → GET /api/v3/openOrders | params=['symbol', 'timestamp', 'recvWindow', 'signature'] | body_keys=[]
2026-02-19 16:31:51 | DEBUG    | bot.client | ← HTTP 200 | endpoint=/api/v3/openOrders
2026-02-19 16:33:16 | DEBUG    | bot.client | BinanceClient initialized | base_url=https://testnet.binance.vision
2026-02-19 16:33:16 | DEBUG    | bot.client | → GET /api/v3/account | params=['timestamp', 'recvWindow', 'signature'] | body_keys=[]
2026-02-19 16:33:16 | DEBUG    | bot.client | ← HTTP 200 | endpoint=/api/v3/account
2026-02-19 16:33:17 | DEBUG    | bot.client | → GET /api/v3/account | params=['timestamp', 'recvWindow', 'signature'] | body_keys=[]
2026-02-19 16:33:17 | DEBUG    | bot.client | ← HTTP 200 | endpoint=/api/v3/account
2026-02-19 16:33:17 | DEBUG    | bot.client | → GET /api/v3/openOrders | params=['symbol', 'timestamp', 'recvWindow', 'signature'] | body_keys=[]
2026-02-19 16:33:17 | DEBUG    | bot.client | ← HTTP 200 | endpoint=/api/v3/openOrders
2026-02-19 16:33:33 | DEBUG    | bot.client | BinanceClient initialized | base_url=https://testnet.binance.vision
2026-02-19 16:33:33 | DEBUG    | bot.client | → GET /api/v3/account | params=['timestamp', 'recvWindow', 'signature'] | body_keys=[]
2026-02-19 16:33:34 | DEBUG    | bot.client | ← HTTP 200 | endpoint=/api/v3/account
2026-02-19 16:33:35 | DEBUG    | bot.client | → GET /api/v3/openOrders | params=['timestamp', 'recvWindow', 'signature'] | body_keys=[]
2026-02-19 16:33:35 | DEBUG    | bot.client | ← HTTP 200 | endpoint=/api/v3/openOrders
2026-02-19 16:33:40 | DEBUG    | bot.client | BinanceClient initialized | base_url=https://testnet.binance.vision
2026-02-19 16:33:40 | DEBUG    | bot.client | → GET /api/v3/account | params=['timestamp', 'recvWindow', 'signature'] | body_keys=[]
2026-02-19 16:33:40 | DEBUG    | bot.client | ← HTTP 200 | endpoint=/api/v3/account
2026-02-19 16:33:40 | DEBUG    | bot.client | → GET /api/v3/openOrders | params=['timestamp', 'recvWindow', 'signature'] | body_keys=[]
2026-02-19 16:33:41 | DEBUG    | bot.client | ← HTTP 200 | endpoint=/api/v3/openOrders
